<?xml version="1.0" encoding="UTF-8"?>
<testsuite name="models.TransactionTest" tests="4" skipped="0" failures="0" errors="0" timestamp="2022-08-01T10:56:01" hostname="ojin-ug-ui-MacBookAir.local" time="0.001">
  <properties/>
  <testcase name="equals()" classname="models.TransactionTest" time="0.0"/>
  <testcase name="string()" classname="models.TransactionTest" time="0.001"/>
  <testcase name="process()" classname="models.TransactionTest" time="0.0"/>
  <testcase name="creation()" classname="models.TransactionTest" time="0.0"/>
  <system-out><![CDATA[]]></system-out>
  <system-err><![CDATA[]]></system-err>
</testsuite>
