<?xml version="1.0" encoding="UTF-8"?>
<testsuite name="models.TransactionTest" tests="2" skipped="0" failures="0" errors="0" timestamp="2022-08-01T07:28:06" hostname="ojin-ug-ui-MacBookAir.local" time="0.01">
  <properties/>
  <testcase name="equals()" classname="models.TransactionTest" time="0.009"/>
  <testcase name="creation()" classname="models.TransactionTest" time="0.001"/>
  <system-out><![CDATA[]]></system-out>
  <system-err><![CDATA[]]></system-err>
</testsuite>
