<?xml version="1.0" encoding="UTF-8"?>
<testsuite name="models.TransactionResultTest" tests="2" skipped="0" failures="0" errors="0" timestamp="2022-08-01T11:55:11" hostname="ojin-ug-ui-MacBookAir.local" time="0.013">
  <properties/>
  <testcase name="csvRow()" classname="models.TransactionResultTest" time="0.012"/>
  <testcase name="creation()" classname="models.TransactionResultTest" time="0.0"/>
  <system-out><![CDATA[]]></system-out>
  <system-err><![CDATA[]]></system-err>
</testsuite>
